<?xml version="1.0" encoding="UTF-8"?>
<robot generator="Robot 3.1.2 (Python 3.7.3 on win32)" generated="20190724 11:18:41.602" rpa="false">
<suite id="s1" name="Project" source="C:\www\AutomationApiAndUiTest\tests\project.robot">
<test id="s1-t1" name="TrendyolExample">
<kw name="Launch Browser" library="MainFunctions" type="setup">
<doc>***Description:***</doc>
<arguments>
<arg>${BROWSER}</arg>
</arguments>
<kw name="Set Screenshot Directory" library="Selenium2Library">
<doc>Sets the directory for captured screenshots.</doc>
<arguments>
<arg>C:\\www\\AutomationApiAndUiTest\\Variables/../Tests/testresults/${TEST_NAME}</arg>
</arguments>
<status status="PASS" starttime="20190724 11:18:42.997" endtime="20190724 11:18:42.997"></status>
</kw>
<kw name="Open Browser" library="Selenium2Library">
<doc>Opens a new browser instance to the given ``url``.</doc>
<arguments>
<arg>${trendyolUrl}</arg>
<arg>${BROWSER}</arg>
<arg>alias=Main</arg>
</arguments>
<msg timestamp="20190724 11:18:42.998" level="INFO">Opening browser 'chrome' to base url 'https://www.trendyol.com'.</msg>
<status status="PASS" starttime="20190724 11:18:42.998" endtime="20190724 11:19:10.212"></status>
</kw>
<kw name="Maximize Browser Window" library="Selenium2Library">
<doc>Maximizes current browser window.</doc>
<status status="PASS" starttime="20190724 11:19:10.212" endtime="20190724 11:19:13.956"></status>
</kw>
<status status="PASS" starttime="20190724 11:18:42.996" endtime="20190724 11:19:13.956"></status>
</kw>
<kw name="ClosePopup" library="TrendyolFacilities">
<kw name="Run Keyword And Ignore Error" library="BuiltIn">
<doc>Runs the given keyword with the given arguments and ignores possible error.</doc>
<arguments>
<arg>Wait And Click Element</arg>
<arg>${closeIcon}</arg>
<arg>timeout=5s</arg>
</arguments>
<kw name="Wait And Click Element" library="MainFunctions">
<doc>***Description:***</doc>
<arguments>
<arg>${closeIcon}</arg>
<arg>timeout=5s</arg>
</arguments>
<kw name="Wait For Element" library="MainFunctions">
<doc>***Description:***</doc>
<arguments>
<arg>${element}</arg>
<arg>${timeout}</arg>
<arg>${interval}</arg>
</arguments>
<kw name="Wait Until Keyword Succeeds" library="BuiltIn">
<doc>Runs the specified keyword and retries if it fails.</doc>
<arguments>
<arg>${timeout}</arg>
<arg>${interval}</arg>
<arg>Page Should Contain Element</arg>
<arg>${element}</arg>
</arguments>
<kw name="Page Should Contain Element" library="Selenium2Library">
<doc>Verifies that element ``locator`` is found on the current page.</doc>
<arguments>
<arg>${element}</arg>
</arguments>
<msg timestamp="20190724 11:19:14.045" level="INFO">Current page contains element 'xpath=//*[@title="Close"]'.</msg>
<status status="PASS" starttime="20190724 11:19:13.990" endtime="20190724 11:19:14.045"></status>
</kw>
<status status="PASS" starttime="20190724 11:19:13.989" endtime="20190724 11:19:14.045"></status>
</kw>
<kw name="Capture Page Screenshot" library="Selenium2Library">
<doc>Takes screenshot of the current page and embeds it into log file.</doc>
<msg timestamp="20190724 11:19:15.335" level="INFO" html="yes">&lt;/td&gt;&lt;/tr&gt;&lt;tr&gt;&lt;td colspan="3"&gt;&lt;a href="../Tests/testresults/TrendyolExample/selenium-screenshot-1.png"&gt;&lt;img src="../Tests/testresults/TrendyolExample/selenium-screenshot-1.png" width="800px"&gt;&lt;/a&gt;</msg>
<status status="PASS" starttime="20190724 11:19:14.046" endtime="20190724 11:19:15.335"></status>
</kw>
<status status="PASS" starttime="20190724 11:19:13.988" endtime="20190724 11:19:15.335"></status>
</kw>
<kw name="Click Element" library="Selenium2Library">
<doc>Click element identified by ``locator``.</doc>
<arguments>
<arg>${element}</arg>
</arguments>
<msg timestamp="20190724 11:19:15.336" level="INFO">Clicking element 'xpath=//*[@title="Close"]'.</msg>
<status status="PASS" starttime="20190724 11:19:15.336" endtime="20190724 11:19:15.591"></status>
</kw>
<status status="PASS" starttime="20190724 11:19:13.987" endtime="20190724 11:19:15.591"></status>
</kw>
<status status="PASS" starttime="20190724 11:19:13.987" endtime="20190724 11:19:15.592"></status>
</kw>
<kw name="Wait Until Element Is Not Visible" library="Selenium2Library">
<doc>Waits until element ``locator`` is not visible.</doc>
<arguments>
<arg>${closeIcon}</arg>
</arguments>
<status status="PASS" starttime="20190724 11:19:15.592" endtime="20190724 11:19:15.803"></status>
</kw>
<status status="PASS" starttime="20190724 11:19:13.986" endtime="20190724 11:19:15.803"></status>
</kw>
<kw name="TrendyolLogin" library="TrendyolFacilities">
<kw name="OpenLoginPopup" library="TrendyolFacilities">
<kw name="Wait And Click Element" library="MainFunctions">
<doc>***Description:***</doc>
<arguments>
<arg>${loginIcon}</arg>
</arguments>
<kw name="Wait For Element" library="MainFunctions">
<doc>***Description:***</doc>
<arguments>
<arg>${element}</arg>
<arg>${timeout}</arg>
<arg>${interval}</arg>
</arguments>
<kw name="Wait Until Keyword Succeeds" library="BuiltIn">
<doc>Runs the specified keyword and retries if it fails.</doc>
<arguments>
<arg>${timeout}</arg>
<arg>${interval}</arg>
<arg>Page Should Contain Element</arg>
<arg>${element}</arg>
</arguments>
<kw name="Page Should Contain Element" library="Selenium2Library">
<doc>Verifies that element ``locator`` is found on the current page.</doc>
<arguments>
<arg>${element}</arg>
</arguments>
<msg timestamp="20190724 11:19:15.859" level="INFO">Current page contains element 'xpath=//*[@id='accountNavigationRoot']//i'.</msg>
<status status="PASS" starttime="20190724 11:19:15.809" endtime="20190724 11:19:15.859"></status>
</kw>
<status status="PASS" starttime="20190724 11:19:15.808" endtime="20190724 11:19:15.860"></status>
</kw>
<kw name="Capture Page Screenshot" library="Selenium2Library">
<doc>Takes screenshot of the current page and embeds it into log file.</doc>
<msg timestamp="20190724 11:19:17.319" level="INFO" html="yes">&lt;/td&gt;&lt;/tr&gt;&lt;tr&gt;&lt;td colspan="3"&gt;&lt;a href="../Tests/testresults/TrendyolExample/selenium-screenshot-2.png"&gt;&lt;img src="../Tests/testresults/TrendyolExample/selenium-screenshot-2.png" width="800px"&gt;&lt;/a&gt;</msg>
<status status="PASS" starttime="20190724 11:19:15.860" endtime="20190724 11:19:17.320"></status>
</kw>
<status status="PASS" starttime="20190724 11:19:15.806" endtime="20190724 11:19:17.320"></status>
</kw>
<kw name="Click Element" library="Selenium2Library">
<doc>Click element identified by ``locator``.</doc>
<arguments>
<arg>${element}</arg>
</arguments>
<msg timestamp="20190724 11:19:17.320" level="INFO">Clicking element 'xpath=//*[@id='accountNavigationRoot']//i'.</msg>
<status status="PASS" starttime="20190724 11:19:17.320" endtime="20190724 11:19:17.493"></status>
</kw>
<status status="PASS" starttime="20190724 11:19:15.806" endtime="20190724 11:19:17.493"></status>
</kw>
<status status="PASS" starttime="20190724 11:19:15.805" endtime="20190724 11:19:17.493"></status>
</kw>
<kw name="EnterMailAndPassword" library="TrendyolFacilities">
<kw name="Wait For Element" library="MainFunctions">
<doc>***Description:***</doc>
<arguments>
<arg>${emailInput}</arg>
</arguments>
<kw name="Wait Until Keyword Succeeds" library="BuiltIn">
<doc>Runs the specified keyword and retries if it fails.</doc>
<arguments>
<arg>${timeout}</arg>
<arg>${interval}</arg>
<arg>Page Should Contain Element</arg>
<arg>${element}</arg>
</arguments>
<kw name="Page Should Contain Element" library="Selenium2Library">
<doc>Verifies that element ``locator`` is found on the current page.</doc>
<arguments>
<arg>${element}</arg>
</arguments>
<kw name="Capture Page Screenshot" library="Selenium2Library">
<doc>Takes screenshot of the current page and embeds it into log file.</doc>
<msg timestamp="20190724 11:19:19.724" level="INFO" html="yes">&lt;/td&gt;&lt;/tr&gt;&lt;tr&gt;&lt;td colspan="3"&gt;&lt;a href="../Tests/testresults/TrendyolExample/selenium-screenshot-3.png"&gt;&lt;img src="../Tests/testresults/TrendyolExample/selenium-screenshot-3.png" width="800px"&gt;&lt;/a&gt;</msg>
<status status="PASS" starttime="20190724 11:19:17.902" endtime="20190724 11:19:19.725"></status>
</kw>
<msg timestamp="20190724 11:19:19.745" level="FAIL">Page should have contained element 'id=email' but did not.</msg>
<status status="FAIL" starttime="20190724 11:19:17.497" endtime="20190724 11:19:19.749"></status>
</kw>
<kw name="Page Should Contain Element" library="Selenium2Library">
<doc>Verifies that element ``locator`` is found on the current page.</doc>
<arguments>
<arg>${element}</arg>
</arguments>
<msg timestamp="20190724 11:19:20.930" level="INFO">Current page contains element 'id=email'.</msg>
<status status="PASS" starttime="20190724 11:19:20.751" endtime="20190724 11:19:20.930"></status>
</kw>
<status status="PASS" starttime="20190724 11:19:17.496" endtime="20190724 11:19:20.931"></status>
</kw>
<kw name="Capture Page Screenshot" library="Selenium2Library">
<doc>Takes screenshot of the current page and embeds it into log file.</doc>
<msg timestamp="20190724 11:19:22.583" level="INFO" html="yes">&lt;/td&gt;&lt;/tr&gt;&lt;tr&gt;&lt;td colspan="3"&gt;&lt;a href="../Tests/testresults/TrendyolExample/selenium-screenshot-4.png"&gt;&lt;img src="../Tests/testresults/TrendyolExample/selenium-screenshot-4.png" width="800px"&gt;&lt;/a&gt;</msg>
<status status="PASS" starttime="20190724 11:19:20.931" endtime="20190724 11:19:22.584"></status>
</kw>
<status status="PASS" starttime="20190724 11:19:17.494" endtime="20190724 11:19:22.584"></status>
</kw>
<kw name="Input Text" library="Selenium2Library">
<doc>Types the given ``text`` into text field identified by ``locator``.</doc>
<arguments>
<arg>${emailInput}</arg>
<arg>${userMail}</arg>
</arguments>
<msg timestamp="20190724 11:19:22.585" level="INFO">Typing text 'angealhelweyy@gmail.com' into text field 'id=email'.</msg>
<kw name="Capture Page Screenshot" library="Selenium2Library">
<doc>Takes screenshot of the current page and embeds it into log file.</doc>
<msg timestamp="20190724 11:19:22.794" level="FAIL">NoSuchWindowException: Message: no such window: target window already closed
from unknown error: web view not found
  (Session info: chrome=75.0.3770.142)
  (Driver info: chromedriver=74.0.3729.6 (255758eccf3d244491b8a1317aa76e1ce10d57e9-refs/branch-heads/3729@{#29}),platform=Windows NT 10.0.17763 x86_64)
</msg>
<status status="FAIL" starttime="20190724 11:19:22.775" endtime="20190724 11:19:22.794"></status>
</kw>
<msg timestamp="20190724 11:19:22.794" level="WARN">Keyword 'Capture Page Screenshot' could not be run on failure: NoSuchWindowException: Message: no such window: target window already closed
from unknown error: web view not found
  (Session info: chrome=75.0.3770.142)
  (Driver info: chromedriver=74.0.3729.6 (255758eccf3d244491b8a1317aa76e1ce10d57e9-refs/branch-heads/3729@{#29}),platform=Windows NT 10.0.17763 x86_64)
</msg>
<msg timestamp="20190724 11:19:22.805" level="FAIL">NoSuchWindowException: Message: no such window: target window already closed
from unknown error: web view not found
  (Session info: chrome=75.0.3770.142)
  (Driver info: chromedriver=74.0.3729.6 (255758eccf3d244491b8a1317aa76e1ce10d57e9-refs/branch-heads/3729@{#29}),platform=Windows NT 10.0.17763 x86_64)
</msg>
<status status="FAIL" starttime="20190724 11:19:22.584" endtime="20190724 11:19:22.806"></status>
</kw>
<status status="FAIL" starttime="20190724 11:19:17.494" endtime="20190724 11:19:22.806"></status>
</kw>
<status status="FAIL" starttime="20190724 11:19:15.804" endtime="20190724 11:19:22.806"></status>
</kw>
<kw name="When Test Fail Take Screenshot" library="MainFunctions" type="teardown">
<doc>***Description:***</doc>
<kw name="Run Keyword If Test Failed" library="BuiltIn">
<doc>Runs the given keyword with the given arguments, if the test failed.</doc>
<arguments>
<arg>Capture Page Screenshot</arg>
</arguments>
<kw name="Capture Page Screenshot" library="Selenium2Library">
<doc>Takes screenshot of the current page and embeds it into log file.</doc>
<kw name="Capture Page Screenshot" library="Selenium2Library">
<doc>Takes screenshot of the current page and embeds it into log file.</doc>
<msg timestamp="20190724 11:19:22.874" level="FAIL">NoSuchWindowException: Message: no such window: target window already closed
from unknown error: web view not found
  (Session info: chrome=75.0.3770.142)
  (Driver info: chromedriver=74.0.3729.6 (255758eccf3d244491b8a1317aa76e1ce10d57e9-refs/branch-heads/3729@{#29}),platform=Windows NT 10.0.17763 x86_64)
</msg>
<status status="FAIL" starttime="20190724 11:19:22.827" endtime="20190724 11:19:22.874"></status>
</kw>
<msg timestamp="20190724 11:19:22.874" level="WARN">Keyword 'Capture Page Screenshot' could not be run on failure: NoSuchWindowException: Message: no such window: target window already closed
from unknown error: web view not found
  (Session info: chrome=75.0.3770.142)
  (Driver info: chromedriver=74.0.3729.6 (255758eccf3d244491b8a1317aa76e1ce10d57e9-refs/branch-heads/3729@{#29}),platform=Windows NT 10.0.17763 x86_64)
</msg>
<msg timestamp="20190724 11:19:22.892" level="FAIL">NoSuchWindowException: Message: no such window: target window already closed
from unknown error: web view not found
  (Session info: chrome=75.0.3770.142)
  (Driver info: chromedriver=74.0.3729.6 (255758eccf3d244491b8a1317aa76e1ce10d57e9-refs/branch-heads/3729@{#29}),platform=Windows NT 10.0.17763 x86_64)
</msg>
<status status="FAIL" starttime="20190724 11:19:22.809" endtime="20190724 11:19:22.893"></status>
</kw>
<status status="FAIL" starttime="20190724 11:19:22.808" endtime="20190724 11:19:22.893"></status>
</kw>
<kw name="Run Keyword If Test Failed" library="BuiltIn">
<doc>Runs the given keyword with the given arguments, if the test failed.</doc>
<arguments>
<arg>Close Browser</arg>
</arguments>
<kw name="Close Browser" library="Selenium2Library">
<doc>Closes the current browser.</doc>
<kw name="Capture Page Screenshot" library="Selenium2Library">
<doc>Takes screenshot of the current page and embeds it into log file.</doc>
<msg timestamp="20190724 11:19:26.962" level="WARN">Retrying (Retry(total=2, connect=None, read=None, redirect=None, status=None)) after connection broken by 'NewConnectionError('&lt;urllib3.connection.HTTPConnection object at 0x04E63EB0&gt;: Failed to establish a new connection: [WinError 10061] No connection could be made because the target machine actively refused it')': /session/d59c360e890174920d6548227d719742/screenshot</msg>
<errors>
<msg timestamp="20190724 11:19:22.794" level="WARN">Keyword 'Capture Page Screenshot' could not be run on failure: NoSuchWindowException: Message: no such window: target window already closed
from unknown error: web view not found
  (Session info: chrome=75.0.3770.142)
  (Driver info: chromedriver=74.0.3729.6 (255758eccf3d244491b8a1317aa76e1ce10d57e9-refs/branch-heads/3729@{#29}),platform=Windows NT 10.0.17763 x86_64)
</msg>
<msg timestamp="20190724 11:19:22.874" level="WARN">Keyword 'Capture Page Screenshot' could not be run on failure: NoSuchWindowException: Message: no such window: target window already closed
from unknown error: web view not found
  (Session info: chrome=75.0.3770.142)
  (Driver info: chromedriver=74.0.3729.6 (255758eccf3d244491b8a1317aa76e1ce10d57e9-refs/branch-heads/3729@{#29}),platform=Windows NT 10.0.17763 x86_64)
</msg>
<msg timestamp="20190724 11:19:26.962" level="WARN">Retrying (Retry(total=2, connect=None, read=None, redirect=None, status=None)) after connection broken by 'NewConnectionError('&lt;urllib3.connection.HTTPConnection object at 0x04E63EB0&gt;: Failed to establish a new connection: [WinError 10061] No connection could be made because the target machine actively refused it')': /session/d59c360e890174920d6548227d719742/screenshot</msg>
<msg timestamp="20190724 11:19:27.968" level="ERROR">Execution stopped by user.</msg>
</errors>
</robot>
